<?xml version="1.0" encoding="UTF-8"?>
<!-- Generated by org.testng.reporters.JUnitXMLReporter -->
<testsuite hostname="Halda" ignored="0" name="Command line test" tests="2" failures="2" timestamp="16 Oct 2017 05:36:42 GMT" time="0.026" errors="0">
  <testcase name="sendNewEmailWithRules" time="0.0" classname="tests.SendingEmailTest">
    <failure type="org.testng.TestNGException" message="
Parameter &amp;apos;sender&amp;apos; is required by @Test on method sendNewEmailWithRules but has not been marked @Optional or defined
">
      <![CDATA[org.testng.TestNGException: 
Parameter 'sender' is required by @Test on method sendNewEmailWithRules but has not been marked @Optional or defined

	at RunTest.main(RunTest.java:27)
	at com.intellij.rt.execution.application.AppMain.main(AppMain.java:147)
... Removed 24 stack frames]]>
    </failure>
  </testcase> <!-- sendNewEmailWithRules -->
  <testcase name="sendNewSecureEmail" time="0.0" classname="tests.SendingEmailTest">
    <failure type="org.testng.TestNGException" message="
Method sendNewSecureEmail requires 6 parameters but 7 were supplied in the @Test annotation.">
      <![CDATA[org.testng.TestNGException: 
Method sendNewSecureEmail requires 6 parameters but 7 were supplied in the @Test annotation.
	at RunTest.main(RunTest.java:27)
	at com.intellij.rt.execution.application.AppMain.main(AppMain.java:147)
... Removed 25 stack frames]]>
    </failure>
  </testcase> <!-- sendNewSecureEmail -->
</testsuite> <!-- Command line test -->
